<?xml version="1.0" encoding="UTF-8"?>
<!-- Generated by org.testng.reporters.JUnitReportReporter -->
<testsuite hostname="admin" failures="0" tests="3" name="Programs.IndianTrafficRule" time="0.028" errors="0" timestamp="2024-02-27T15:45:40 IST" skipped="0">
  <testcase classname="Programs.IndianTrafficRule" name="greenGo" time="0.012"/>
  <system-out/>
  <testcase classname="Programs.IndianTrafficRule" name="RefStop" time="0.010"/>
  <system-out/>
  <testcase classname="Programs.IndianTrafficRule" name="FlashYello" time="0.006"/>
  <system-out/>
</testsuite> <!-- Programs.IndianTrafficRule -->
